<?xml version="1.0" encoding="UTF-8"?>
<!-- Generated by org.testng.reporters.JUnitXMLReporter -->
<testsuite hostname="DESKTOP-DN0EQG3" ignored="1" name="Test" tests="2" failures="0" timestamp="11 Nov 2020 06:18:01 GMT" time="23.395" errors="0">
  <testcase name="t1" time="0.64" classname="com.testng.org.TestNGGroups"/>
  <testcase name="t3" time="0.566" classname="com.testng.org.TestNGGroups"/>
  <testcase name="t2" time="0.0" classname="com.testng.org.TestNGGroups">
    <ignored/>
  </testcase> <!-- t2 -->
</testsuite> <!-- Test -->
