<?xml version="1.0" encoding="UTF-8"?>
<testng-results skipped="0" failed="0" ignored="0" total="2" passed="2">
  <reporter-output>
  </reporter-output>
  <suite name="Default suite" duration-ms="40777" started-at="2020-11-19T14:17:37Z" finished-at="2020-11-19T14:18:17Z">
    <groups>
    </groups>
    <test name="Default test" duration-ms="40777" started-at="2020-11-19T14:17:37Z" finished-at="2020-11-19T14:18:17Z">
      <class name="com.testng.org.TestNGDD1">
        <test-method status="PASS" signature="Test1(java.lang.String, java.lang.String)[pri:0, instance:com.testng.org.TestNGDD1@4b9e13df]" name="Test1" duration-ms="37875" started-at="2020-11-19T14:17:39Z" data-provider="smoke" finished-at="2020-11-19T14:18:17Z">
          <params>
            <param index="0">
              <value>
                <![CDATA[Harun]]>
              </value>
            </param>
            <param index="1">
              <value>
                <![CDATA[12345]]>
              </value>
            </param>
          </params>
          <reporter-output>
          </reporter-output>
        </test-method> <!-- Test1 -->
        <test-method status="PASS" signature="Test1(java.lang.String, java.lang.String)[pri:0, instance:com.testng.org.TestNGDD1@4b9e13df]" name="Test1" duration-ms="37904" started-at="2020-11-19T14:17:39Z" data-provider="smoke" finished-at="2020-11-19T14:18:17Z">
          <params>
            <param index="0">
              <value>
                <![CDATA[Satz]]>
              </value>
            </param>
            <param index="1">
              <value>
                <![CDATA[23467]]>
              </value>
            </param>
          </params>
          <reporter-output>
          </reporter-output>
        </test-method> <!-- Test1 -->
      </class> <!-- com.testng.org.TestNGDD1 -->
    </test> <!-- Default test -->
  </suite> <!-- Default suite -->
</testng-results>
